{
  "RSpec": {
    "coverage": {
      "/home/binding-compressor-0070/tic-tac-toe-rb-dc-fasttrack-041319/lib/tic_tac_toe.rb": [
        null,
        null,
        1,
        null,
        null,
        null,
        null,
        null,
        null,
        null,
        null,
        null,
        null,
        null,
        1,
        25,
        25,
        25,
        25,
        25,
        null,
        null,
        null,
        1,
        24,
        null,
        null,
        null,
        1,
        23,
        null,
        null,
        null,
        1,
        162,
        null,
        null,
        null,
        1,
        24,
        null,
        null,
        null,
        1,
        null,
        21,
        null,
        21,
        21,
        21,
        21,
        20,
        20,
        null,
        1,
        null,
        null,
        null,
        null,
        1,
        null,
        23,
        23,
        207,
        32,
        null,
        null,
        null,
        23,
        null,
        null,
        null,
        1,
        null,
        22,
        null,
        22,
        15,
        null,
        7,
        null,
        null,
        null,
        null,
        null,
        1,
        44,
        null,
        null,
        767,
        641,
        null,
        285,
        17,
        null,
        268,
        null,
        null,
        null,
        null,
        null,
        1,
        null,
        167,
        31,
        null,
        null,
        null,
        null,
        1,
        18,
        null,
        null,
        null,
        1,
        22,
        null,
        null,
        null,
        1,
        null,
        18,
        18,
        10,
        null,
        null,
        null,
        null,
        null,
        null,
        null,
        1,
        null,
        12,
        18,
        null,
        null,
        12,
        5,
        null,
        7,
        null,
        null,
        null,
        null,
        null,
        null,
        null,
        null,
        null,
        null,
        null,
        null,
        null,
        null,
        null,
        null,
        null,
        null,
        null,
        null,
        null
      ]
    },
    "timestamp": 1555424800
  }
}
